KCPSM6 Assembler log file for program 'C:\Users\Salva-i7\Documents\mi FPGA\PicoBlaze\Utilities\KCPSM6_Release9_30Sept14\aaa.psm'.
Generated by KCPSM6 version v2.70
Ken Chapman - Xilinx Ltd - 16th May 2014

Assembly datestamp: 13 Dec 2017
Assembly timestamp: 22:02:46

Contents
  Assembly listing
  List of PSM files
  List of CONSTANTs
  List of TABLEs
  List of STRINGs
  List of line labels
  Instruction usage statistics


Last occupied address: 00B hex
Nominal program memory size: 1K (1024)   address(9:0)
Actual memory size: 4096
  (Default memory size)
Occupied memory locations: 12
Memory locations available: 4084


Assembly listing

 Addr Code               Instruction

 000                     ;=========================================================
 000                     ;routine: mult_soft
 000                     ;  function: 8-bit unsigned multiplier using
 000                     ;           shift-and-add algorithm
 000                     ;  input register:
 000                     ;     s3: multiplicand
 000                     ;     s4: multiplier
 000                     ;  output register:
 000                     ;     s5: upper byte of product
 000                     ;     s6: lower byte of product
 000                     ;  temp register: s2
 000                     ;=========================================================
 000  01303              LOAD s3, 03              ;multiplicand
 001  01403              LOAD s4, 03              ;multiplier
 002          mult_soft: 
 002  01500              LOAD s5, 00              ;clear s5
 003  01208              LOAD s2, 08              ;initialize loop index
 004          mult_loop: 
 004  1440E              SR0 s4                   ;shift lsb to carry
 005  3E007              JUMP NC, 007[shift_prod] ;lsb is 0
 006  10530              ADD s5, s3               ;lsb is 1
 007         shift_prod: 
 007  14508              SRA s5                   ;shift upper byte right,
 008                     ;carry to MSB, LSB to carry
 008  14608              SRA s6                   ;shift lower byte right,
 009                     ;lsb of s5 to MSB of s6
 009  19201              SUB s2, 01               ;dec loop index
 00A  36004              JUMP NZ, 004[mult_loop]  ;repeat until i=0
 00B  25000              RETURN 


All unused memory locations contain zero (equivalent to 'LOAD s0, s0')



List of PSM files that have been assembled

C:\Users\Salva-i7\Documents\mi FPGA\PicoBlaze\Utilities\KCPSM6_Release9_30Sept14\aaa.psm



List of defined constants

 CONSTANT name     Value        Source PSM File

 timestamp_hours   22'd         
 timestamp_minutes 02'd         
 timestamp_seconds 46'd         
 datestamp_year    17'd         
 datestamp_month   12'd         
 datestamp_day     13'd         
 NUL               00           
 BEL               07           
 BS                08           
 HT                09           
 LF                0A           
 VT                0B           
 CR                0D           
 ESC               1B           
 DEL               7F           
 DCS               90           
 ST                9C           



No TABLEs defined



List of text strings

 STRING name       String         Source PSM File

 KCPSM6_version$   "v2.70"        
 datestamp$        "13 Dec 2017"  
 timestamp$        "22:02:46"     



List of line labels

   Label        Addr  Source PSM File

 * mult_soft    002   aaa.psm
   mult_loop    004   aaa.psm
   shift_prod   007   aaa.psm

      * Line label has not been referenced in any instructions.
        Hint - This may indicate unused code that could be
               removed to reduce the size of this program.



Instruction usage statistics

 Instruction    Instances

 LOAD              4
 STAR              -

 AND               -
 OR                -
 XOR               -

 ADD               1
 ADDCY             -
 SUB               1
 SUBCY             -

 TEST              -
 TESTCY            -
 COMPARE           -
 COMPARECY         -

 SL0               -
 SL1               -
 SLX               -
 SLA               -
 RL                -
 SR0               1
 SR1               -
 SRX               -
 SRA               2
 RR                -

 REGBANK           -

 INPUT             -
 OUTPUT            -
 OUTPUTK           -

 STORE             -
 FETCH             -

 DISABLE           -
 ENABLE            -
 RETURNI           -

 JUMP              2
 JUMP@             -
 CALL              -
 CALL@             -
 RETURN            1
 LOAD&RETURN       -

 HWBUILD           -



End of KCPSM6 log file.
